<?xml version="1.0" encoding="UTF-8"?>
<testng-results ignored="0" total="2" passed="2" failed="0" skipped="0">
  <reporter-output>
  </reporter-output>
  <suite started-at="2023-05-17T13:20:53 BST" name="Suite" finished-at="2023-05-17T13:20:59 BST" duration-ms="5683">
    <groups>
    </groups>
    <test started-at="2023-05-17T13:20:53 BST" name="Test" finished-at="2023-05-17T13:20:59 BST" duration-ms="5683">
      <class name="LearningTestNg.SimpleTestCase">
        <test-method signature="Testcase1()[pri:0, instance:LearningTestNg.SimpleTestCase@e7edb54]" started-at="2023-05-17T13:20:53 BST" name="Testcase1" finished-at="2023-05-17T13:20:59 BST" duration-ms="5582" status="PASS">
          <reporter-output>
          </reporter-output>
        </test-method> <!-- Testcase1 -->
      </class> <!-- LearningTestNg.SimpleTestCase -->
      <class name="LearningTestNg.Learning_TestAnnotation">
        <test-method signature="sampleTest()[pri:0, instance:LearningTestNg.Learning_TestAnnotation@62e7f11d]" started-at="2023-05-17T13:20:53 BST" name="sampleTest" finished-at="2023-05-17T13:20:53 BST" duration-ms="15" status="PASS">
          <reporter-output>
          </reporter-output>
        </test-method> <!-- sampleTest -->
      </class> <!-- LearningTestNg.Learning_TestAnnotation -->
    </test> <!-- Test -->
  </suite> <!-- Suite -->
</testng-results>
