<?xml version="1.0" encoding="UTF-8"?>
<!-- Generated by org.testng.reporters.JUnitXMLReporter -->
<testsuite ignored="3" hostname="DESKTOP-NC38UV2" failures="1" tests="2" name="Test(failed)" time="0.097" errors="0" timestamp="2023-05-09T11:29:58 BST">
  <testcase classname="LearningTestNg.LearningGroupExecution" name="endtoendTest" time="0.014">
    <failure type="java.lang.ArithmeticException" message="/ by zero">
      <![CDATA[java.lang.ArithmeticException: / by zero
at LearningTestNg.LearningGroupExecution.endtoendTest(LearningGroupExecution.java:30)
at java.base/java.util.ArrayList.forEach(ArrayList.java:1511)
... Removed 27 stack frames]]>
    </failure>
  </testcase> <!-- endtoendTest -->
  <testcase classname="LearningTestNg.LearningGroupExecution" name="wishlistTest" time="0.0">
    <skipped/>
  </testcase> <!-- wishlistTest -->
  <testcase classname="LearningTestNg.LearningGroupExecution" name="registerTest" time="0.0">
    <ignored/>
  </testcase> <!-- registerTest -->
  <testcase classname="LearningTestNg.LearningGroupExecution" name="cartTest" time="0.0">
    <ignored/>
  </testcase> <!-- cartTest -->
  <testcase classname="LearningTestNg.LearningGroupExecution" name="loginTest" time="0.0">
    <ignored/>
  </testcase> <!-- loginTest -->
</testsuite> <!-- Test(failed) -->
